  [1m[35m (942.3ms)[0m  [1m[35mCREATE DATABASE "tasks_development" ENCODING = 'unicode'[0m
  ↳ /home/codeman/.rbenv/versions/2.6.1/bin/rake:23
  [1m[35m (632.6ms)[0m  [1m[35mCREATE DATABASE "tasks_test" ENCODING = 'unicode'[0m
  ↳ /home/codeman/.rbenv/versions/2.6.1/bin/rake:23
  [1m[35m (80.2ms)[0m  [1m[35mCREATE TABLE "schema_migrations" ("version" character varying NOT NULL PRIMARY KEY)[0m
  ↳ /home/codeman/.rbenv/versions/2.6.1/bin/rake:23
  [1m[35m (120.3ms)[0m  [1m[35mCREATE TABLE "ar_internal_metadata" ("key" character varying NOT NULL PRIMARY KEY, "value" character varying, "created_at" timestamp NOT NULL, "updated_at" timestamp NOT NULL)[0m
  ↳ /home/codeman/.rbenv/versions/2.6.1/bin/rake:23
  [1m[35m (20.6ms)[0m  [1m[34mSELECT pg_try_advisory_lock(4383706967230150875)[0m
  ↳ /home/codeman/.rbenv/versions/2.6.1/bin/rake:23
  [1m[35m (1.0ms)[0m  [1m[34mSELECT "schema_migrations"."version" FROM "schema_migrations" ORDER BY "schema_migrations"."version" ASC[0m
  ↳ /home/codeman/.rbenv/versions/2.6.1/bin/rake:23
Migrating to CreateTasks (20190509162832)
  [1m[35m (0.5ms)[0m  [1m[35mBEGIN[0m
  ↳ /home/codeman/.rbenv/versions/2.6.1/bin/rake:23
  [1m[35m (91.0ms)[0m  [1m[35mCREATE TABLE "tasks" ("id" bigserial primary key, "title" character varying, "done" boolean, "created_at" timestamp NOT NULL, "updated_at" timestamp NOT NULL)[0m
  ↳ db/migrate/20190509162832_create_tasks.rb:3
  [1m[36mActiveRecord::SchemaMigration Create (0.7ms)[0m  [1m[32mINSERT INTO "schema_migrations" ("version") VALUES ($1) RETURNING "version"[0m  [["version", "20190509162832"]]
  ↳ /home/codeman/.rbenv/versions/2.6.1/bin/rake:23
  [1m[35m (9.8ms)[0m  [1m[35mCOMMIT[0m
  ↳ /home/codeman/.rbenv/versions/2.6.1/bin/rake:23
  [1m[36mActiveRecord::InternalMetadata Load (0.3ms)[0m  [1m[34mSELECT  "ar_internal_metadata".* FROM "ar_internal_metadata" WHERE "ar_internal_metadata"."key" = $1 LIMIT $2[0m  [["key", "environment"], ["LIMIT", 1]]
  ↳ /home/codeman/.rbenv/versions/2.6.1/bin/rake:23
  [1m[35m (0.2ms)[0m  [1m[35mBEGIN[0m
  ↳ /home/codeman/.rbenv/versions/2.6.1/bin/rake:23
  [1m[36mActiveRecord::InternalMetadata Create (0.5ms)[0m  [1m[32mINSERT INTO "ar_internal_metadata" ("key", "value", "created_at", "updated_at") VALUES ($1, $2, $3, $4) RETURNING "key"[0m  [["key", "environment"], ["value", "development"], ["created_at", "2019-05-09 16:41:09.000875"], ["updated_at", "2019-05-09 16:41:09.000875"]]
  ↳ /home/codeman/.rbenv/versions/2.6.1/bin/rake:23
  [1m[35m (9.9ms)[0m  [1m[35mCOMMIT[0m
  ↳ /home/codeman/.rbenv/versions/2.6.1/bin/rake:23
  [1m[35m (0.3ms)[0m  [1m[34mSELECT pg_advisory_unlock(4383706967230150875)[0m
  ↳ /home/codeman/.rbenv/versions/2.6.1/bin/rake:23
  [1m[35m (0.4ms)[0m  [1m[34mSELECT "schema_migrations"."version" FROM "schema_migrations" ORDER BY "schema_migrations"."version" ASC[0m
  ↳ /home/codeman/.rbenv/versions/2.6.1/bin/rake:23
  [1m[35m (0.9ms)[0m  [1m[34mSELECT "schema_migrations"."version" FROM "schema_migrations" ORDER BY "schema_migrations"."version" ASC[0m
  ↳ bin/rails:9
  [1m[35m (1.0ms)[0m  [1m[34mSELECT "schema_migrations"."version" FROM "schema_migrations" ORDER BY "schema_migrations"."version" ASC[0m
  ↳ bin/rails:9
  [1m[35m (0.5ms)[0m  [1m[34mSELECT "schema_migrations"."version" FROM "schema_migrations" ORDER BY "schema_migrations"."version" ASC[0m
  ↳ bin/rails:9
  [1m[36mTask Load (0.4ms)[0m  [1m[34mSELECT  "tasks".* FROM "tasks" ORDER BY "tasks"."id" ASC LIMIT $1[0m  [["LIMIT", 1]]
  ↳ db/seeds.rb:2
  [1m[35m (0.3ms)[0m  [1m[35mBEGIN[0m
  ↳ db/seeds.rb:3
  [1m[36mTask Create (0.7ms)[0m  [1m[32mINSERT INTO "tasks" ("title", "done", "created_at", "updated_at") VALUES ($1, $2, $3, $4) RETURNING "id"[0m  [["title", "Ler os artigo do OneBitCode sobre React"], ["done", false], ["created_at", "2019-05-09 16:42:28.094520"], ["updated_at", "2019-05-09 16:42:28.094520"]]
  ↳ db/seeds.rb:3
  [1m[35m (22.4ms)[0m  [1m[35mCOMMIT[0m
  ↳ db/seeds.rb:3
  [1m[35m (0.4ms)[0m  [1m[35mBEGIN[0m
  ↳ db/seeds.rb:4
  [1m[36mTask Create (0.8ms)[0m  [1m[32mINSERT INTO "tasks" ("title", "done", "created_at", "updated_at") VALUES ($1, $2, $3, $4) RETURNING "id"[0m  [["title", "Participar da Semana Super Full Stack (29/04 - 05/05)"], ["done", false], ["created_at", "2019-05-09 16:42:28.119890"], ["updated_at", "2019-05-09 16:42:28.119890"]]
  ↳ db/seeds.rb:4
  [1m[35m (4.8ms)[0m  [1m[35mCOMMIT[0m
  ↳ db/seeds.rb:4
  [1m[35m (0.3ms)[0m  [1m[35mBEGIN[0m
  ↳ db/seeds.rb:5
  [1m[36mTask Create (0.7ms)[0m  [1m[32mINSERT INTO "tasks" ("title", "done", "created_at", "updated_at") VALUES ($1, $2, $3, $4) RETURNING "id"[0m  [["title", "Se inscrever na newsletter para receber vagas"], ["done", false], ["created_at", "2019-05-09 16:42:28.127654"], ["updated_at", "2019-05-09 16:42:28.127654"]]
  ↳ db/seeds.rb:5
  [1m[35m (5.4ms)[0m  [1m[35mCOMMIT[0m
  ↳ db/seeds.rb:5
  [1m[35m (0.3ms)[0m  [1m[35mBEGIN[0m
  ↳ db/seeds.rb:6
  [1m[36mTask Create (0.5ms)[0m  [1m[32mINSERT INTO "tasks" ("title", "done", "created_at", "updated_at") VALUES ($1, $2, $3, $4) RETURNING "id"[0m  [["title", "Curtir a página do OneBitCode no Facebook"], ["done", false], ["created_at", "2019-05-09 16:42:28.135981"], ["updated_at", "2019-05-09 16:42:28.135981"]]
  ↳ db/seeds.rb:6
  [1m[35m (5.9ms)[0m  [1m[35mCOMMIT[0m
  ↳ db/seeds.rb:6
  [1m[35m (0.4ms)[0m  [1m[35mBEGIN[0m
  ↳ db/seeds.rb:7
  [1m[36mTask Create (0.6ms)[0m  [1m[32mINSERT INTO "tasks" ("title", "done", "created_at", "updated_at") VALUES ($1, $2, $3, $4) RETURNING "id"[0m  [["title", "Se inscrever no canal do Youtube do OneBitCode"], ["done", false], ["created_at", "2019-05-09 16:42:28.144319"], ["updated_at", "2019-05-09 16:42:28.144319"]]
  ↳ db/seeds.rb:7
  [1m[35m (5.9ms)[0m  [1m[35mCOMMIT[0m
  ↳ db/seeds.rb:7
  [1m[35m (0.4ms)[0m  [1m[35mBEGIN[0m
  ↳ db/seeds.rb:8
  [1m[36mTask Create (0.6ms)[0m  [1m[32mINSERT INTO "tasks" ("title", "done", "created_at", "updated_at") VALUES ($1, $2, $3, $4) RETURNING "id"[0m  [["title", "Finalizar esse Artigo para melhorar minhas habilidades"], ["done", false], ["created_at", "2019-05-09 16:42:28.152668"], ["updated_at", "2019-05-09 16:42:28.152668"]]
  ↳ db/seeds.rb:8
  [1m[35m (5.9ms)[0m  [1m[35mCOMMIT[0m
  ↳ db/seeds.rb:8
  [1m[35m (0.4ms)[0m  [1m[35mBEGIN[0m
  ↳ db/seeds.rb:9
  [1m[36mTask Create (0.7ms)[0m  [1m[32mINSERT INTO "tasks" ("title", "done", "created_at", "updated_at") VALUES ($1, $2, $3, $4) RETURNING "id"[0m  [["title", "Estudar Ruby On Rails"], ["done", true], ["created_at", "2019-05-09 16:42:28.161145"], ["updated_at", "2019-05-09 16:42:28.161145"]]
  ↳ db/seeds.rb:9
  [1m[35m (5.6ms)[0m  [1m[35mCOMMIT[0m
  ↳ db/seeds.rb:9
  [1m[35m (0.4ms)[0m  [1m[35mBEGIN[0m
  ↳ db/seeds.rb:10
  [1m[36mTask Create (0.9ms)[0m  [1m[32mINSERT INTO "tasks" ("title", "done", "created_at", "updated_at") VALUES ($1, $2, $3, $4) RETURNING "id"[0m  [["title", "Estudar React"], ["done", true], ["created_at", "2019-05-09 16:42:28.169477"], ["updated_at", "2019-05-09 16:42:28.169477"]]
  ↳ db/seeds.rb:10
  [1m[35m (5.5ms)[0m  [1m[35mCOMMIT[0m
  ↳ db/seeds.rb:10
  [1m[36mTask Load (0.4ms)[0m  [1m[34mSELECT  "tasks".* FROM "tasks" ORDER BY "tasks"."id" ASC LIMIT $1[0m  [["LIMIT", 1]]
Started GET "/" for ::1 at 2019-05-09 20:40:09 -0400
  
PG::ConnectionBad (could not connect to server: Connection refused
	Is the server running on host "127.0.0.1" and accepting
	TCP/IP connections on port 5432?
):
  
pg (1.1.4) lib/pg.rb:56:in `initialize'
pg (1.1.4) lib/pg.rb:56:in `new'
pg (1.1.4) lib/pg.rb:56:in `connect'
activerecord (5.2.3) lib/active_record/connection_adapters/postgresql_adapter.rb:692:in `connect'
activerecord (5.2.3) lib/active_record/connection_adapters/postgresql_adapter.rb:223:in `initialize'
activerecord (5.2.3) lib/active_record/connection_adapters/postgresql_adapter.rb:48:in `new'
activerecord (5.2.3) lib/active_record/connection_adapters/postgresql_adapter.rb:48:in `postgresql_connection'
activerecord (5.2.3) lib/active_record/connection_adapters/abstract/connection_pool.rb:811:in `new_connection'
activerecord (5.2.3) lib/active_record/connection_adapters/abstract/connection_pool.rb:855:in `checkout_new_connection'
activerecord (5.2.3) lib/active_record/connection_adapters/abstract/connection_pool.rb:834:in `try_to_checkout_new_connection'
activerecord (5.2.3) lib/active_record/connection_adapters/abstract/connection_pool.rb:795:in `acquire_connection'
activerecord (5.2.3) lib/active_record/connection_adapters/abstract/connection_pool.rb:523:in `checkout'
activerecord (5.2.3) lib/active_record/connection_adapters/abstract/connection_pool.rb:382:in `connection'
activerecord (5.2.3) lib/active_record/connection_adapters/abstract/connection_pool.rb:1014:in `retrieve_connection'
activerecord (5.2.3) lib/active_record/connection_handling.rb:118:in `retrieve_connection'
activerecord (5.2.3) lib/active_record/connection_handling.rb:90:in `connection'
activerecord (5.2.3) lib/active_record/migration.rb:554:in `call'
actionpack (5.2.3) lib/action_dispatch/middleware/callbacks.rb:28:in `block in call'
activesupport (5.2.3) lib/active_support/callbacks.rb:98:in `run_callbacks'
actionpack (5.2.3) lib/action_dispatch/middleware/callbacks.rb:26:in `call'
actionpack (5.2.3) lib/action_dispatch/middleware/executor.rb:14:in `call'
actionpack (5.2.3) lib/action_dispatch/middleware/debug_exceptions.rb:61:in `call'
actionpack (5.2.3) lib/action_dispatch/middleware/show_exceptions.rb:33:in `call'
railties (5.2.3) lib/rails/rack/logger.rb:38:in `call_app'
railties (5.2.3) lib/rails/rack/logger.rb:26:in `block in call'
activesupport (5.2.3) lib/active_support/tagged_logging.rb:71:in `block in tagged'
activesupport (5.2.3) lib/active_support/tagged_logging.rb:28:in `tagged'
activesupport (5.2.3) lib/active_support/tagged_logging.rb:71:in `tagged'
railties (5.2.3) lib/rails/rack/logger.rb:26:in `call'
actionpack (5.2.3) lib/action_dispatch/middleware/remote_ip.rb:81:in `call'
actionpack (5.2.3) lib/action_dispatch/middleware/request_id.rb:27:in `call'
rack (2.0.7) lib/rack/runtime.rb:22:in `call'
activesupport (5.2.3) lib/active_support/cache/strategy/local_cache_middleware.rb:29:in `call'
actionpack (5.2.3) lib/action_dispatch/middleware/executor.rb:14:in `call'
actionpack (5.2.3) lib/action_dispatch/middleware/static.rb:127:in `call'
rack (2.0.7) lib/rack/sendfile.rb:111:in `call'
rack-cors (1.0.3) lib/rack/cors.rb:95:in `call'
railties (5.2.3) lib/rails/engine.rb:524:in `call'
puma (3.12.1) lib/puma/configuration.rb:227:in `call'
puma (3.12.1) lib/puma/server.rb:660:in `handle_request'
puma (3.12.1) lib/puma/server.rb:474:in `process_client'
puma (3.12.1) lib/puma/server.rb:334:in `block in run'
puma (3.12.1) lib/puma/thread_pool.rb:135:in `block in spawn_thread'
Started GET "/tasks" for ::1 at 2019-05-09 20:41:43 -0400
  
PG::ConnectionBad (could not connect to server: Connection refused
	Is the server running on host "127.0.0.1" and accepting
	TCP/IP connections on port 5432?
):
  
pg (1.1.4) lib/pg.rb:56:in `initialize'
pg (1.1.4) lib/pg.rb:56:in `new'
pg (1.1.4) lib/pg.rb:56:in `connect'
activerecord (5.2.3) lib/active_record/connection_adapters/postgresql_adapter.rb:692:in `connect'
activerecord (5.2.3) lib/active_record/connection_adapters/postgresql_adapter.rb:223:in `initialize'
activerecord (5.2.3) lib/active_record/connection_adapters/postgresql_adapter.rb:48:in `new'
activerecord (5.2.3) lib/active_record/connection_adapters/postgresql_adapter.rb:48:in `postgresql_connection'
activerecord (5.2.3) lib/active_record/connection_adapters/abstract/connection_pool.rb:811:in `new_connection'
activerecord (5.2.3) lib/active_record/connection_adapters/abstract/connection_pool.rb:855:in `checkout_new_connection'
activerecord (5.2.3) lib/active_record/connection_adapters/abstract/connection_pool.rb:834:in `try_to_checkout_new_connection'
activerecord (5.2.3) lib/active_record/connection_adapters/abstract/connection_pool.rb:795:in `acquire_connection'
activerecord (5.2.3) lib/active_record/connection_adapters/abstract/connection_pool.rb:523:in `checkout'
activerecord (5.2.3) lib/active_record/connection_adapters/abstract/connection_pool.rb:382:in `connection'
activerecord (5.2.3) lib/active_record/connection_adapters/abstract/connection_pool.rb:1014:in `retrieve_connection'
activerecord (5.2.3) lib/active_record/connection_handling.rb:118:in `retrieve_connection'
activerecord (5.2.3) lib/active_record/connection_handling.rb:90:in `connection'
activerecord (5.2.3) lib/active_record/migration.rb:554:in `call'
actionpack (5.2.3) lib/action_dispatch/middleware/callbacks.rb:28:in `block in call'
activesupport (5.2.3) lib/active_support/callbacks.rb:98:in `run_callbacks'
actionpack (5.2.3) lib/action_dispatch/middleware/callbacks.rb:26:in `call'
actionpack (5.2.3) lib/action_dispatch/middleware/executor.rb:14:in `call'
actionpack (5.2.3) lib/action_dispatch/middleware/debug_exceptions.rb:61:in `call'
actionpack (5.2.3) lib/action_dispatch/middleware/show_exceptions.rb:33:in `call'
railties (5.2.3) lib/rails/rack/logger.rb:38:in `call_app'
railties (5.2.3) lib/rails/rack/logger.rb:26:in `block in call'
activesupport (5.2.3) lib/active_support/tagged_logging.rb:71:in `block in tagged'
activesupport (5.2.3) lib/active_support/tagged_logging.rb:28:in `tagged'
activesupport (5.2.3) lib/active_support/tagged_logging.rb:71:in `tagged'
railties (5.2.3) lib/rails/rack/logger.rb:26:in `call'
actionpack (5.2.3) lib/action_dispatch/middleware/remote_ip.rb:81:in `call'
actionpack (5.2.3) lib/action_dispatch/middleware/request_id.rb:27:in `call'
rack (2.0.7) lib/rack/runtime.rb:22:in `call'
activesupport (5.2.3) lib/active_support/cache/strategy/local_cache_middleware.rb:29:in `call'
actionpack (5.2.3) lib/action_dispatch/middleware/executor.rb:14:in `call'
actionpack (5.2.3) lib/action_dispatch/middleware/static.rb:127:in `call'
rack (2.0.7) lib/rack/sendfile.rb:111:in `call'
rack-cors (1.0.3) lib/rack/cors.rb:95:in `call'
railties (5.2.3) lib/rails/engine.rb:524:in `call'
puma (3.12.1) lib/puma/configuration.rb:227:in `call'
puma (3.12.1) lib/puma/server.rb:660:in `handle_request'
puma (3.12.1) lib/puma/server.rb:474:in `process_client'
puma (3.12.1) lib/puma/server.rb:334:in `block in run'
puma (3.12.1) lib/puma/thread_pool.rb:135:in `block in spawn_thread'
Started GET "/tasks" for ::1 at 2019-05-09 20:44:05 -0400
  [1m[35m (34.3ms)[0m  [1m[34mSELECT "schema_migrations"."version" FROM "schema_migrations" ORDER BY "schema_migrations"."version" ASC[0m
  ↳ /home/codeman/.rbenv/versions/2.6.1/lib/ruby/gems/2.6.0/gems/activerecord-5.2.3/lib/active_record/log_subscriber.rb:98
Processing by TasksController#index as */*
  [1m[36mTask Load (31.9ms)[0m  [1m[34mSELECT "tasks".* FROM "tasks"[0m
  ↳ app/controllers/tasks_controller.rb:7
Completed 200 OK in 62ms (Views: 13.3ms | ActiveRecord: 46.3ms)


Started GET "/tasks" for ::1 at 2019-05-09 20:45:10 -0400
Processing by TasksController#index as */*
  [1m[36mTask Load (0.6ms)[0m  [1m[34mSELECT "tasks".* FROM "tasks"[0m
  ↳ app/controllers/tasks_controller.rb:7
Completed 200 OK in 21ms (Views: 19.5ms | ActiveRecord: 0.6ms)


Started GET "/tasks" for ::1 at 2019-05-09 20:45:37 -0400
Processing by TasksController#index as */*
  [1m[36mTask Load (0.4ms)[0m  [1m[34mSELECT "tasks".* FROM "tasks"[0m
  ↳ app/controllers/tasks_controller.rb:7
Completed 200 OK in 3ms (Views: 2.8ms | ActiveRecord: 0.4ms)


Started GET "/tasks" for ::1 at 2019-05-09 20:46:56 -0400
Processing by TasksController#index as */*
  [1m[36mTask Load (0.4ms)[0m  [1m[34mSELECT "tasks".* FROM "tasks"[0m
  ↳ app/controllers/tasks_controller.rb:7
Completed 200 OK in 4ms (Views: 3.3ms | ActiveRecord: 0.4ms)


Started GET "/tasks" for ::1 at 2019-05-09 20:47:11 -0400
Processing by TasksController#index as */*
  [1m[36mTask Load (0.4ms)[0m  [1m[34mSELECT "tasks".* FROM "tasks"[0m
  ↳ app/controllers/tasks_controller.rb:7
Completed 200 OK in 3ms (Views: 2.0ms | ActiveRecord: 0.4ms)


Started DELETE "/tasks/6" for ::1 at 2019-05-09 20:47:21 -0400
Processing by TasksController#destroy as */*
  Parameters: {"id"=>"6"}
  [1m[36mTask Load (0.5ms)[0m  [1m[34mSELECT  "tasks".* FROM "tasks" WHERE "tasks"."id" = $1 LIMIT $2[0m  [["id", 6], ["LIMIT", 1]]
  ↳ app/controllers/tasks_controller.rb:39
  [1m[35m (0.2ms)[0m  [1m[35mBEGIN[0m
  ↳ app/controllers/tasks_controller.rb:33
  [1m[36mTask Destroy (0.3ms)[0m  [1m[31mDELETE FROM "tasks" WHERE "tasks"."id" = $1[0m  [["id", 6]]
  ↳ app/controllers/tasks_controller.rb:33
  [1m[35m (41.1ms)[0m  [1m[35mCOMMIT[0m
  ↳ app/controllers/tasks_controller.rb:33
Completed 204 No Content in 119ms (ActiveRecord: 42.9ms)


Started GET "/tasks" for ::1 at 2019-05-09 20:47:21 -0400
Processing by TasksController#index as */*
  [1m[36mTask Load (0.7ms)[0m  [1m[34mSELECT "tasks".* FROM "tasks"[0m
  ↳ app/controllers/tasks_controller.rb:7
Completed 200 OK in 4ms (Views: 2.8ms | ActiveRecord: 0.7ms)


Started GET "/tasks" for ::1 at 2019-05-09 20:48:00 -0400
Processing by TasksController#index as */*
  [1m[36mTask Load (0.5ms)[0m  [1m[34mSELECT "tasks".* FROM "tasks"[0m
  ↳ app/controllers/tasks_controller.rb:7
Completed 200 OK in 3ms (Views: 2.7ms | ActiveRecord: 0.5ms)


Started GET "/tasks" for ::1 at 2019-05-09 20:48:11 -0400
Processing by TasksController#index as */*
  [1m[36mTask Load (0.4ms)[0m  [1m[34mSELECT "tasks".* FROM "tasks"[0m
  ↳ app/controllers/tasks_controller.rb:7
Completed 200 OK in 2ms (Views: 1.6ms | ActiveRecord: 0.4ms)


Started GET "/tasks" for ::1 at 2019-05-09 20:48:47 -0400
Processing by TasksController#index as */*
  [1m[36mTask Load (0.4ms)[0m  [1m[34mSELECT "tasks".* FROM "tasks"[0m
  ↳ app/controllers/tasks_controller.rb:7
Completed 200 OK in 3ms (Views: 2.0ms | ActiveRecord: 0.4ms)


Started GET "/tasks" for ::1 at 2019-05-09 20:56:16 -0400
Processing by TasksController#index as */*
  [1m[36mTask Load (0.8ms)[0m  [1m[34mSELECT "tasks".* FROM "tasks"[0m
  ↳ app/controllers/tasks_controller.rb:7
Completed 200 OK in 3ms (Views: 2.2ms | ActiveRecord: 0.8ms)


Started GET "/tasks" for ::1 at 2019-05-09 20:57:13 -0400
Processing by TasksController#index as */*
  [1m[36mTask Load (0.4ms)[0m  [1m[34mSELECT "tasks".* FROM "tasks"[0m
  ↳ app/controllers/tasks_controller.rb:7
Completed 200 OK in 2ms (Views: 1.8ms | ActiveRecord: 0.4ms)


Started GET "/tasks" for ::1 at 2019-05-09 20:58:53 -0400
Processing by TasksController#index as */*
  [1m[36mTask Load (0.5ms)[0m  [1m[34mSELECT "tasks".* FROM "tasks"[0m
  ↳ app/controllers/tasks_controller.rb:7
Completed 200 OK in 4ms (Views: 2.8ms | ActiveRecord: 0.5ms)


Started GET "/tasks" for ::1 at 2019-05-09 20:59:00 -0400
Processing by TasksController#index as */*
  [1m[36mTask Load (0.4ms)[0m  [1m[34mSELECT "tasks".* FROM "tasks"[0m
  ↳ app/controllers/tasks_controller.rb:7
Completed 200 OK in 3ms (Views: 2.8ms | ActiveRecord: 0.4ms)


Started GET "/tasks" for ::1 at 2019-05-09 21:06:09 -0400
Processing by TasksController#index as */*
  [1m[36mTask Load (0.7ms)[0m  [1m[34mSELECT "tasks".* FROM "tasks"[0m
  ↳ app/controllers/tasks_controller.rb:7
Completed 200 OK in 3ms (Views: 2.1ms | ActiveRecord: 0.7ms)


Started POST "/tasks" for ::1 at 2019-05-09 21:06:51 -0400
Processing by TasksController#create as JSON
  Parameters: {"task"=>{"title"=>"", "done"=>false}}
  [1m[35m (0.3ms)[0m  [1m[35mBEGIN[0m
  ↳ app/controllers/tasks_controller.rb:17
  [1m[36mTask Create (55.9ms)[0m  [1m[32mINSERT INTO "tasks" ("title", "done", "created_at", "updated_at") VALUES ($1, $2, $3, $4) RETURNING "id"[0m  [["title", ""], ["done", false], ["created_at", "2019-05-10 01:06:51.838800"], ["updated_at", "2019-05-10 01:06:51.838800"]]
  ↳ app/controllers/tasks_controller.rb:17
  [1m[35m (16.0ms)[0m  [1m[35mCOMMIT[0m
  ↳ app/controllers/tasks_controller.rb:17
Completed 201 Created in 75ms (Views: 0.8ms | ActiveRecord: 72.1ms)


Started GET "/tasks" for ::1 at 2019-05-09 21:06:52 -0400
Processing by TasksController#index as */*
  [1m[36mTask Load (0.5ms)[0m  [1m[34mSELECT "tasks".* FROM "tasks"[0m
  ↳ app/controllers/tasks_controller.rb:7
Completed 200 OK in 4ms (Views: 3.0ms | ActiveRecord: 0.5ms)


Started DELETE "/tasks/9" for ::1 at 2019-05-09 21:06:55 -0400
Processing by TasksController#destroy as */*
  Parameters: {"id"=>"9"}
  [1m[36mTask Load (0.4ms)[0m  [1m[34mSELECT  "tasks".* FROM "tasks" WHERE "tasks"."id" = $1 LIMIT $2[0m  [["id", 9], ["LIMIT", 1]]
  ↳ app/controllers/tasks_controller.rb:39
  [1m[35m (0.2ms)[0m  [1m[35mBEGIN[0m
  ↳ app/controllers/tasks_controller.rb:33
  [1m[36mTask Destroy (0.3ms)[0m  [1m[31mDELETE FROM "tasks" WHERE "tasks"."id" = $1[0m  [["id", 9]]
  ↳ app/controllers/tasks_controller.rb:33
  [1m[35m (12.4ms)[0m  [1m[35mCOMMIT[0m
  ↳ app/controllers/tasks_controller.rb:33
Completed 204 No Content in 16ms (ActiveRecord: 13.7ms)


Started GET "/tasks" for ::1 at 2019-05-09 21:06:55 -0400
Processing by TasksController#index as */*
  [1m[36mTask Load (0.5ms)[0m  [1m[34mSELECT "tasks".* FROM "tasks"[0m
  ↳ app/controllers/tasks_controller.rb:7
Completed 200 OK in 3ms (Views: 1.9ms | ActiveRecord: 0.5ms)


Started GET "/tasks" for ::1 at 2019-05-09 21:20:42 -0400
Processing by TasksController#index as */*
  [1m[36mTask Load (0.6ms)[0m  [1m[34mSELECT "tasks".* FROM "tasks"[0m
  ↳ app/controllers/tasks_controller.rb:7
Completed 200 OK in 3ms (Views: 2.1ms | ActiveRecord: 0.6ms)


Started GET "/tasks" for ::1 at 2019-05-09 21:21:09 -0400
Processing by TasksController#index as */*
  [1m[36mTask Load (0.4ms)[0m  [1m[34mSELECT "tasks".* FROM "tasks"[0m
  ↳ app/controllers/tasks_controller.rb:7
Completed 200 OK in 4ms (Views: 2.9ms | ActiveRecord: 0.4ms)


Started GET "/tasks" for ::1 at 2019-05-09 21:21:13 -0400
Processing by TasksController#index as */*
  [1m[36mTask Load (0.4ms)[0m  [1m[34mSELECT "tasks".* FROM "tasks"[0m
  ↳ app/controllers/tasks_controller.rb:7
Completed 200 OK in 3ms (Views: 2.2ms | ActiveRecord: 0.4ms)


Started GET "/tasks" for ::1 at 2019-05-09 21:21:33 -0400
Processing by TasksController#index as */*
  [1m[36mTask Load (0.4ms)[0m  [1m[34mSELECT "tasks".* FROM "tasks"[0m
  ↳ app/controllers/tasks_controller.rb:7
Completed 200 OK in 14ms (Views: 13.0ms | ActiveRecord: 0.4ms)


Started GET "/tasks" for ::1 at 2019-05-09 21:24:53 -0400
Processing by TasksController#index as */*
  [1m[36mTask Load (0.4ms)[0m  [1m[34mSELECT "tasks".* FROM "tasks"[0m
  ↳ app/controllers/tasks_controller.rb:7
Completed 200 OK in 3ms (Views: 2.7ms | ActiveRecord: 0.4ms)


Started GET "/tasks" for ::1 at 2019-05-09 21:25:32 -0400
Processing by TasksController#index as */*
  [1m[36mTask Load (0.4ms)[0m  [1m[34mSELECT "tasks".* FROM "tasks"[0m
  ↳ app/controllers/tasks_controller.rb:7
Completed 200 OK in 3ms (Views: 2.3ms | ActiveRecord: 0.4ms)


Started GET "/tasks" for ::1 at 2019-05-09 21:25:44 -0400
Processing by TasksController#index as */*
  [1m[36mTask Load (0.4ms)[0m  [1m[34mSELECT "tasks".* FROM "tasks"[0m
  ↳ app/controllers/tasks_controller.rb:7
Completed 200 OK in 2ms (Views: 1.9ms | ActiveRecord: 0.4ms)


Started GET "/tasks" for ::1 at 2019-05-09 21:26:00 -0400
Processing by TasksController#index as */*
  [1m[36mTask Load (0.4ms)[0m  [1m[34mSELECT "tasks".* FROM "tasks"[0m
  ↳ app/controllers/tasks_controller.rb:7
Completed 200 OK in 3ms (Views: 2.2ms | ActiveRecord: 0.4ms)


Started GET "/tasks" for ::1 at 2019-05-09 21:26:20 -0400
Processing by TasksController#index as */*
  [1m[36mTask Load (0.4ms)[0m  [1m[34mSELECT "tasks".* FROM "tasks"[0m
  ↳ app/controllers/tasks_controller.rb:7
Completed 200 OK in 3ms (Views: 2.7ms | ActiveRecord: 0.4ms)


Started GET "/tasks" for ::1 at 2019-05-09 21:26:45 -0400
Processing by TasksController#index as */*
  [1m[36mTask Load (0.5ms)[0m  [1m[34mSELECT "tasks".* FROM "tasks"[0m
  ↳ app/controllers/tasks_controller.rb:7
Completed 200 OK in 2ms (Views: 1.8ms | ActiveRecord: 0.5ms)


Started GET "/tasks" for ::1 at 2019-05-09 21:26:55 -0400
Processing by TasksController#index as */*
  [1m[36mTask Load (0.6ms)[0m  [1m[34mSELECT "tasks".* FROM "tasks"[0m
  ↳ app/controllers/tasks_controller.rb:7
Completed 200 OK in 4ms (Views: 2.9ms | ActiveRecord: 0.6ms)


Started GET "/tasks" for ::1 at 2019-05-09 21:27:10 -0400
Processing by TasksController#index as */*
  [1m[36mTask Load (0.4ms)[0m  [1m[34mSELECT "tasks".* FROM "tasks"[0m
  ↳ app/controllers/tasks_controller.rb:7
Completed 200 OK in 3ms (Views: 2.6ms | ActiveRecord: 0.4ms)


Started GET "/tasks" for ::1 at 2019-05-09 21:28:38 -0400
Processing by TasksController#index as */*
  [1m[36mTask Load (0.5ms)[0m  [1m[34mSELECT "tasks".* FROM "tasks"[0m
  ↳ app/controllers/tasks_controller.rb:7
Completed 200 OK in 3ms (Views: 1.9ms | ActiveRecord: 0.5ms)


Started GET "/tasks" for ::1 at 2019-05-09 21:28:47 -0400
Processing by TasksController#index as */*
  [1m[36mTask Load (0.5ms)[0m  [1m[34mSELECT "tasks".* FROM "tasks"[0m
  ↳ app/controllers/tasks_controller.rb:7
Completed 200 OK in 3ms (Views: 2.6ms | ActiveRecord: 0.5ms)


Started GET "/tasks" for ::1 at 2019-05-09 21:28:54 -0400
Processing by TasksController#index as */*
  [1m[36mTask Load (0.6ms)[0m  [1m[34mSELECT "tasks".* FROM "tasks"[0m
  ↳ app/controllers/tasks_controller.rb:7
Completed 200 OK in 5ms (Views: 3.7ms | ActiveRecord: 0.6ms)


Started GET "/tasks" for ::1 at 2019-05-09 21:29:16 -0400
Processing by TasksController#index as */*
  [1m[36mTask Load (0.5ms)[0m  [1m[34mSELECT "tasks".* FROM "tasks"[0m
  ↳ app/controllers/tasks_controller.rb:7
Completed 200 OK in 3ms (Views: 2.6ms | ActiveRecord: 0.5ms)


Started GET "/tasks" for ::1 at 2019-05-09 21:29:22 -0400
Processing by TasksController#index as */*
  [1m[36mTask Load (0.4ms)[0m  [1m[34mSELECT "tasks".* FROM "tasks"[0m
  ↳ app/controllers/tasks_controller.rb:7
Completed 200 OK in 3ms (Views: 2.7ms | ActiveRecord: 0.4ms)


Started GET "/tasks" for ::1 at 2019-05-09 21:29:34 -0400
Processing by TasksController#index as */*
  [1m[36mTask Load (0.4ms)[0m  [1m[34mSELECT "tasks".* FROM "tasks"[0m
  ↳ app/controllers/tasks_controller.rb:7
Completed 200 OK in 3ms (Views: 2.7ms | ActiveRecord: 0.4ms)


Started GET "/tasks" for ::1 at 2019-05-09 21:29:41 -0400
Processing by TasksController#index as */*
  [1m[36mTask Load (0.7ms)[0m  [1m[34mSELECT "tasks".* FROM "tasks"[0m
  ↳ app/controllers/tasks_controller.rb:7
Completed 200 OK in 3ms (Views: 1.8ms | ActiveRecord: 0.7ms)


Started GET "/tasks" for ::1 at 2019-05-09 21:29:49 -0400
Processing by TasksController#index as */*
  [1m[36mTask Load (0.4ms)[0m  [1m[34mSELECT "tasks".* FROM "tasks"[0m
  ↳ app/controllers/tasks_controller.rb:7
Completed 200 OK in 2ms (Views: 1.8ms | ActiveRecord: 0.4ms)


Started GET "/tasks" for ::1 at 2019-05-09 21:30:15 -0400
Processing by TasksController#index as */*
  [1m[36mTask Load (0.5ms)[0m  [1m[34mSELECT "tasks".* FROM "tasks"[0m
  ↳ app/controllers/tasks_controller.rb:7
Completed 200 OK in 3ms (Views: 2.7ms | ActiveRecord: 0.5ms)


Started GET "/tasks" for ::1 at 2019-05-09 21:30:20 -0400
Processing by TasksController#index as */*
  [1m[36mTask Load (0.5ms)[0m  [1m[34mSELECT "tasks".* FROM "tasks"[0m
  ↳ app/controllers/tasks_controller.rb:7
Completed 200 OK in 3ms (Views: 2.7ms | ActiveRecord: 0.5ms)


Started GET "/tasks" for ::1 at 2019-05-09 21:30:27 -0400
Processing by TasksController#index as */*
  [1m[36mTask Load (0.5ms)[0m  [1m[34mSELECT "tasks".* FROM "tasks"[0m
  ↳ app/controllers/tasks_controller.rb:7
Completed 200 OK in 3ms (Views: 2.7ms | ActiveRecord: 0.5ms)


Started GET "/tasks" for ::1 at 2019-05-09 21:30:39 -0400
Processing by TasksController#index as */*
  [1m[36mTask Load (0.7ms)[0m  [1m[34mSELECT "tasks".* FROM "tasks"[0m
  ↳ app/controllers/tasks_controller.rb:7
Completed 200 OK in 3ms (Views: 1.9ms | ActiveRecord: 0.7ms)


Started GET "/tasks" for ::1 at 2019-05-09 21:30:46 -0400
Processing by TasksController#index as */*
  [1m[36mTask Load (0.4ms)[0m  [1m[34mSELECT "tasks".* FROM "tasks"[0m
  ↳ app/controllers/tasks_controller.rb:7
Completed 200 OK in 2ms (Views: 1.9ms | ActiveRecord: 0.4ms)


Started GET "/tasks" for ::1 at 2019-05-09 21:32:38 -0400
Processing by TasksController#index as */*
  [1m[36mTask Load (0.4ms)[0m  [1m[34mSELECT "tasks".* FROM "tasks"[0m
  ↳ app/controllers/tasks_controller.rb:7
Completed 200 OK in 3ms (Views: 1.9ms | ActiveRecord: 0.4ms)


Started GET "/tasks" for ::1 at 2019-05-09 21:32:58 -0400
Processing by TasksController#index as */*
  [1m[36mTask Load (0.4ms)[0m  [1m[34mSELECT "tasks".* FROM "tasks"[0m
  ↳ app/controllers/tasks_controller.rb:7
Completed 200 OK in 3ms (Views: 2.8ms | ActiveRecord: 0.4ms)


Started GET "/tasks" for ::1 at 2019-05-09 21:33:53 -0400
Processing by TasksController#index as */*
  [1m[36mTask Load (0.5ms)[0m  [1m[34mSELECT "tasks".* FROM "tasks"[0m
  ↳ app/controllers/tasks_controller.rb:7
Completed 200 OK in 3ms (Views: 2.7ms | ActiveRecord: 0.5ms)


Started GET "/tasks" for ::1 at 2019-05-09 21:34:25 -0400
Processing by TasksController#index as */*
  [1m[36mTask Load (0.7ms)[0m  [1m[34mSELECT "tasks".* FROM "tasks"[0m
  ↳ app/controllers/tasks_controller.rb:7
Completed 200 OK in 4ms (Views: 2.7ms | ActiveRecord: 0.7ms)


Started GET "/tasks" for ::1 at 2019-05-09 21:34:37 -0400
Processing by TasksController#index as */*
  [1m[36mTask Load (0.5ms)[0m  [1m[34mSELECT "tasks".* FROM "tasks"[0m
  ↳ app/controllers/tasks_controller.rb:7
Completed 200 OK in 3ms (Views: 2.1ms | ActiveRecord: 0.5ms)


Started GET "/tasks" for ::1 at 2019-05-09 21:35:15 -0400
Processing by TasksController#index as */*
  [1m[36mTask Load (0.6ms)[0m  [1m[34mSELECT "tasks".* FROM "tasks"[0m
  ↳ app/controllers/tasks_controller.rb:7
Completed 200 OK in 4ms (Views: 2.8ms | ActiveRecord: 0.6ms)


Started GET "/tasks" for ::1 at 2019-05-09 21:35:35 -0400
Processing by TasksController#index as */*
  [1m[36mTask Load (0.5ms)[0m  [1m[34mSELECT "tasks".* FROM "tasks"[0m
  ↳ app/controllers/tasks_controller.rb:7
Completed 200 OK in 3ms (Views: 2.7ms | ActiveRecord: 0.5ms)


Started GET "/tasks" for ::1 at 2019-05-09 21:35:48 -0400
Processing by TasksController#index as */*
  [1m[36mTask Load (0.5ms)[0m  [1m[34mSELECT "tasks".* FROM "tasks"[0m
  ↳ app/controllers/tasks_controller.rb:7
Completed 200 OK in 3ms (Views: 2.7ms | ActiveRecord: 0.5ms)


Started GET "/tasks" for ::1 at 2019-05-09 21:36:05 -0400
Processing by TasksController#index as */*
  [1m[36mTask Load (0.4ms)[0m  [1m[34mSELECT "tasks".* FROM "tasks"[0m
  ↳ app/controllers/tasks_controller.rb:7
Completed 200 OK in 3ms (Views: 2.1ms | ActiveRecord: 0.4ms)


Started GET "/tasks" for ::1 at 2019-05-09 21:36:15 -0400
Processing by TasksController#index as */*
  [1m[36mTask Load (0.4ms)[0m  [1m[34mSELECT "tasks".* FROM "tasks"[0m
  ↳ app/controllers/tasks_controller.rb:7
Completed 200 OK in 3ms (Views: 2.3ms | ActiveRecord: 0.4ms)


Started GET "/tasks" for ::1 at 2019-05-09 21:36:35 -0400
Processing by TasksController#index as */*
  [1m[36mTask Load (0.5ms)[0m  [1m[34mSELECT "tasks".* FROM "tasks"[0m
  ↳ app/controllers/tasks_controller.rb:7
Completed 200 OK in 3ms (Views: 2.2ms | ActiveRecord: 0.5ms)


Started GET "/tasks" for ::1 at 2019-05-09 21:36:42 -0400
Processing by TasksController#index as */*
  [1m[36mTask Load (0.5ms)[0m  [1m[34mSELECT "tasks".* FROM "tasks"[0m
  ↳ app/controllers/tasks_controller.rb:7
Completed 200 OK in 3ms (Views: 2.1ms | ActiveRecord: 0.5ms)


Started GET "/tasks" for ::1 at 2019-05-09 21:36:43 -0400
Processing by TasksController#index as */*
  [1m[36mTask Load (0.4ms)[0m  [1m[34mSELECT "tasks".* FROM "tasks"[0m
  ↳ app/controllers/tasks_controller.rb:7
Completed 200 OK in 3ms (Views: 2.2ms | ActiveRecord: 0.4ms)


Started GET "/tasks" for ::1 at 2019-05-09 21:36:50 -0400
Processing by TasksController#index as */*
  [1m[36mTask Load (0.4ms)[0m  [1m[34mSELECT "tasks".* FROM "tasks"[0m
  ↳ app/controllers/tasks_controller.rb:7
Completed 200 OK in 3ms (Views: 2.0ms | ActiveRecord: 0.4ms)


Started GET "/tasks" for ::1 at 2019-05-09 21:37:00 -0400
Processing by TasksController#index as */*
  [1m[36mTask Load (0.5ms)[0m  [1m[34mSELECT "tasks".* FROM "tasks"[0m
  ↳ app/controllers/tasks_controller.rb:7
Completed 200 OK in 3ms (Views: 2.6ms | ActiveRecord: 0.5ms)


Started GET "/tasks" for ::1 at 2019-05-09 21:37:07 -0400
Processing by TasksController#index as */*
  [1m[36mTask Load (0.5ms)[0m  [1m[34mSELECT "tasks".* FROM "tasks"[0m
  ↳ app/controllers/tasks_controller.rb:7
Completed 200 OK in 2ms (Views: 1.8ms | ActiveRecord: 0.5ms)


Started GET "/tasks" for ::1 at 2019-05-09 21:37:50 -0400
Processing by TasksController#index as */*
  [1m[36mTask Load (0.4ms)[0m  [1m[34mSELECT "tasks".* FROM "tasks"[0m
  ↳ app/controllers/tasks_controller.rb:7
Completed 200 OK in 3ms (Views: 2.7ms | ActiveRecord: 0.4ms)


Started GET "/tasks" for ::1 at 2019-05-09 21:37:58 -0400
Processing by TasksController#index as */*
  [1m[36mTask Load (0.4ms)[0m  [1m[34mSELECT "tasks".* FROM "tasks"[0m
  ↳ app/controllers/tasks_controller.rb:7
Completed 200 OK in 3ms (Views: 2.8ms | ActiveRecord: 0.4ms)


Started GET "/tasks" for ::1 at 2019-05-09 21:39:56 -0400
Processing by TasksController#index as */*
  [1m[36mTask Load (0.6ms)[0m  [1m[34mSELECT "tasks".* FROM "tasks"[0m
  ↳ app/controllers/tasks_controller.rb:7
Completed 200 OK in 5ms (Views: 3.7ms | ActiveRecord: 0.6ms)


Started GET "/tasks" for ::1 at 2019-05-09 21:40:10 -0400
Processing by TasksController#index as */*
  [1m[36mTask Load (0.4ms)[0m  [1m[34mSELECT "tasks".* FROM "tasks"[0m
  ↳ app/controllers/tasks_controller.rb:7
Completed 200 OK in 3ms (Views: 2.3ms | ActiveRecord: 0.4ms)


Started GET "/tasks" for ::1 at 2019-05-09 21:40:21 -0400
Processing by TasksController#index as */*
  [1m[36mTask Load (0.4ms)[0m  [1m[34mSELECT "tasks".* FROM "tasks"[0m
  ↳ app/controllers/tasks_controller.rb:7
Completed 200 OK in 3ms (Views: 2.6ms | ActiveRecord: 0.4ms)


Started GET "/tasks" for ::1 at 2019-05-09 21:40:27 -0400
Processing by TasksController#index as */*
  [1m[36mTask Load (0.6ms)[0m  [1m[34mSELECT "tasks".* FROM "tasks"[0m
  ↳ app/controllers/tasks_controller.rb:7
Completed 200 OK in 4ms (Views: 2.9ms | ActiveRecord: 0.6ms)


Started GET "/tasks" for ::1 at 2019-05-09 21:40:33 -0400
Processing by TasksController#index as */*
  [1m[36mTask Load (0.5ms)[0m  [1m[34mSELECT "tasks".* FROM "tasks"[0m
  ↳ app/controllers/tasks_controller.rb:7
Completed 200 OK in 4ms (Views: 2.9ms | ActiveRecord: 0.5ms)


Started GET "/tasks" for ::1 at 2019-05-09 21:40:39 -0400
Processing by TasksController#index as */*
  [1m[36mTask Load (0.4ms)[0m  [1m[34mSELECT "tasks".* FROM "tasks"[0m
  ↳ app/controllers/tasks_controller.rb:7
Completed 200 OK in 2ms (Views: 1.8ms | ActiveRecord: 0.4ms)


Started POST "/tasks" for ::1 at 2019-05-09 21:40:53 -0400
Processing by TasksController#create as JSON
  Parameters: {"task"=>{"title"=>"teste", "done"=>false}}
  [1m[35m (0.3ms)[0m  [1m[35mBEGIN[0m
  ↳ app/controllers/tasks_controller.rb:17
  [1m[36mTask Create (17.6ms)[0m  [1m[32mINSERT INTO "tasks" ("title", "done", "created_at", "updated_at") VALUES ($1, $2, $3, $4) RETURNING "id"[0m  [["title", "teste"], ["done", false], ["created_at", "2019-05-10 01:40:53.643479"], ["updated_at", "2019-05-10 01:40:53.643479"]]
  ↳ app/controllers/tasks_controller.rb:17
  [1m[35m (22.8ms)[0m  [1m[35mCOMMIT[0m
  ↳ app/controllers/tasks_controller.rb:17
Completed 201 Created in 44ms (Views: 0.5ms | ActiveRecord: 40.7ms)


Started GET "/tasks" for ::1 at 2019-05-09 21:40:53 -0400
Processing by TasksController#index as */*
  [1m[36mTask Load (0.4ms)[0m  [1m[34mSELECT "tasks".* FROM "tasks"[0m
  ↳ app/controllers/tasks_controller.rb:7
Completed 200 OK in 4ms (Views: 2.9ms | ActiveRecord: 0.4ms)


Started PUT "/tasks/10" for ::1 at 2019-05-09 21:40:55 -0400
Processing by TasksController#update as JSON
  Parameters: {"task"=>{"done"=>true}, "id"=>"10"}
  [1m[36mTask Load (0.4ms)[0m  [1m[34mSELECT  "tasks".* FROM "tasks" WHERE "tasks"."id" = $1 LIMIT $2[0m  [["id", 10], ["LIMIT", 1]]
  ↳ app/controllers/tasks_controller.rb:39
  [1m[35m (0.6ms)[0m  [1m[35mBEGIN[0m
  ↳ app/controllers/tasks_controller.rb:25
  [1m[36mTask Update (2.0ms)[0m  [1m[33mUPDATE "tasks" SET "done" = $1, "updated_at" = $2 WHERE "tasks"."id" = $3[0m  [["done", true], ["updated_at", "2019-05-10 01:40:55.879956"], ["id", 10]]
  ↳ app/controllers/tasks_controller.rb:25
  [1m[35m (26.8ms)[0m  [1m[35mCOMMIT[0m
  ↳ app/controllers/tasks_controller.rb:25
Completed 200 OK in 52ms (Views: 0.4ms | ActiveRecord: 30.1ms)


Started GET "/tasks" for ::1 at 2019-05-09 21:40:55 -0400
Processing by TasksController#index as */*
  [1m[36mTask Load (0.4ms)[0m  [1m[34mSELECT "tasks".* FROM "tasks"[0m
  ↳ app/controllers/tasks_controller.rb:7
Completed 200 OK in 3ms (Views: 2.8ms | ActiveRecord: 0.4ms)


Started DELETE "/tasks/10" for ::1 at 2019-05-09 21:40:58 -0400
Processing by TasksController#destroy as */*
  Parameters: {"id"=>"10"}
  [1m[36mTask Load (0.4ms)[0m  [1m[34mSELECT  "tasks".* FROM "tasks" WHERE "tasks"."id" = $1 LIMIT $2[0m  [["id", 10], ["LIMIT", 1]]
  ↳ app/controllers/tasks_controller.rb:39
  [1m[35m (0.2ms)[0m  [1m[35mBEGIN[0m
  ↳ app/controllers/tasks_controller.rb:33
  [1m[36mTask Destroy (0.5ms)[0m  [1m[31mDELETE FROM "tasks" WHERE "tasks"."id" = $1[0m  [["id", 10]]
  ↳ app/controllers/tasks_controller.rb:33
  [1m[35m (11.5ms)[0m  [1m[35mCOMMIT[0m
  ↳ app/controllers/tasks_controller.rb:33
Completed 204 No Content in 15ms (ActiveRecord: 12.6ms)


Started GET "/tasks" for ::1 at 2019-05-09 21:40:58 -0400
Processing by TasksController#index as */*
  [1m[36mTask Load (0.5ms)[0m  [1m[34mSELECT "tasks".* FROM "tasks"[0m
  ↳ app/controllers/tasks_controller.rb:7
Completed 200 OK in 10ms (Views: 9.4ms | ActiveRecord: 0.5ms)


Started GET "/tasks" for ::1 at 2019-05-09 21:42:41 -0400
Processing by TasksController#index as */*
  [1m[36mTask Load (0.4ms)[0m  [1m[34mSELECT "tasks".* FROM "tasks"[0m
  ↳ app/controllers/tasks_controller.rb:7
Completed 200 OK in 2ms (Views: 1.8ms | ActiveRecord: 0.4ms)


Started GET "/tasks" for ::1 at 2019-05-09 21:42:43 -0400
Processing by TasksController#index as */*
  [1m[36mTask Load (0.4ms)[0m  [1m[34mSELECT "tasks".* FROM "tasks"[0m
  ↳ app/controllers/tasks_controller.rb:7
Completed 200 OK in 3ms (Views: 2.4ms | ActiveRecord: 0.4ms)


Started GET "/tasks" for ::1 at 2019-05-09 21:42:50 -0400
Processing by TasksController#index as */*
  [1m[36mTask Load (0.5ms)[0m  [1m[34mSELECT "tasks".* FROM "tasks"[0m
  ↳ app/controllers/tasks_controller.rb:7
Completed 200 OK in 3ms (Views: 2.3ms | ActiveRecord: 0.5ms)


Started GET "/tasks" for ::1 at 2019-05-09 21:42:51 -0400
Processing by TasksController#index as */*
  [1m[36mTask Load (0.6ms)[0m  [1m[34mSELECT "tasks".* FROM "tasks"[0m
  ↳ app/controllers/tasks_controller.rb:7
Completed 200 OK in 4ms (Views: 2.7ms | ActiveRecord: 0.6ms)


Started GET "/tasks" for ::1 at 2019-05-09 21:43:07 -0400
Processing by TasksController#index as */*
  [1m[36mTask Load (0.5ms)[0m  [1m[34mSELECT "tasks".* FROM "tasks"[0m
  ↳ app/controllers/tasks_controller.rb:7
Completed 200 OK in 3ms (Views: 2.3ms | ActiveRecord: 0.5ms)


Started GET "/tasks" for ::1 at 2019-05-09 21:43:59 -0400
Processing by TasksController#index as */*
  [1m[36mTask Load (0.4ms)[0m  [1m[34mSELECT "tasks".* FROM "tasks"[0m
  ↳ app/controllers/tasks_controller.rb:7
Completed 200 OK in 3ms (Views: 2.0ms | ActiveRecord: 0.4ms)


Started GET "/tasks" for ::1 at 2019-05-09 21:44:09 -0400
Processing by TasksController#index as */*
  [1m[36mTask Load (0.6ms)[0m  [1m[34mSELECT "tasks".* FROM "tasks"[0m
  ↳ app/controllers/tasks_controller.rb:7
Completed 200 OK in 4ms (Views: 2.7ms | ActiveRecord: 0.6ms)


Started GET "/tasks" for ::1 at 2019-05-09 21:44:44 -0400
Processing by TasksController#index as */*
  [1m[36mTask Load (0.5ms)[0m  [1m[34mSELECT "tasks".* FROM "tasks"[0m
  ↳ app/controllers/tasks_controller.rb:7
Completed 200 OK in 4ms (Views: 2.8ms | ActiveRecord: 0.5ms)


Started POST "/tasks" for ::1 at 2019-05-09 21:46:11 -0400
Processing by TasksController#create as JSON
  Parameters: {"task"=>{"title"=>"teste", "done"=>false}}
  [1m[35m (0.4ms)[0m  [1m[35mBEGIN[0m
  ↳ app/controllers/tasks_controller.rb:17
  [1m[36mTask Create (0.6ms)[0m  [1m[32mINSERT INTO "tasks" ("title", "done", "created_at", "updated_at") VALUES ($1, $2, $3, $4) RETURNING "id"[0m  [["title", "teste"], ["done", false], ["created_at", "2019-05-10 01:46:11.464127"], ["updated_at", "2019-05-10 01:46:11.464127"]]
  ↳ app/controllers/tasks_controller.rb:17
  [1m[35m (6.1ms)[0m  [1m[35mCOMMIT[0m
  ↳ app/controllers/tasks_controller.rb:17
Completed 201 Created in 10ms (Views: 0.6ms | ActiveRecord: 7.0ms)


Started GET "/tasks" for ::1 at 2019-05-09 21:46:11 -0400
Processing by TasksController#index as */*
  [1m[36mTask Load (0.5ms)[0m  [1m[34mSELECT "tasks".* FROM "tasks"[0m
  ↳ app/controllers/tasks_controller.rb:7
Completed 200 OK in 3ms (Views: 2.7ms | ActiveRecord: 0.5ms)


Started DELETE "/tasks/11" for ::1 at 2019-05-09 21:46:13 -0400
Processing by TasksController#destroy as */*
  Parameters: {"id"=>"11"}
  [1m[36mTask Load (0.4ms)[0m  [1m[34mSELECT  "tasks".* FROM "tasks" WHERE "tasks"."id" = $1 LIMIT $2[0m  [["id", 11], ["LIMIT", 1]]
  ↳ app/controllers/tasks_controller.rb:39
  [1m[35m (0.2ms)[0m  [1m[35mBEGIN[0m
  ↳ app/controllers/tasks_controller.rb:33
  [1m[36mTask Destroy (0.3ms)[0m  [1m[31mDELETE FROM "tasks" WHERE "tasks"."id" = $1[0m  [["id", 11]]
  ↳ app/controllers/tasks_controller.rb:33
  [1m[35m (17.5ms)[0m  [1m[35mCOMMIT[0m
  ↳ app/controllers/tasks_controller.rb:33
Completed 204 No Content in 21ms (ActiveRecord: 18.4ms)


Started GET "/tasks" for ::1 at 2019-05-09 21:46:14 -0400
Processing by TasksController#index as */*
  [1m[36mTask Load (0.5ms)[0m  [1m[34mSELECT "tasks".* FROM "tasks"[0m
  ↳ app/controllers/tasks_controller.rb:7
Completed 200 OK in 2ms (Views: 1.8ms | ActiveRecord: 0.5ms)


Started GET "/tasks" for ::1 at 2019-05-09 21:46:21 -0400
Processing by TasksController#index as */*
  [1m[36mTask Load (0.4ms)[0m  [1m[34mSELECT "tasks".* FROM "tasks"[0m
  ↳ app/controllers/tasks_controller.rb:7
Completed 200 OK in 3ms (Views: 2.7ms | ActiveRecord: 0.4ms)


Started GET "/tasks" for ::1 at 2019-05-09 21:46:25 -0400
Processing by TasksController#index as */*
  [1m[36mTask Load (0.4ms)[0m  [1m[34mSELECT "tasks".* FROM "tasks"[0m
  ↳ app/controllers/tasks_controller.rb:7
Completed 200 OK in 3ms (Views: 2.6ms | ActiveRecord: 0.4ms)


Started GET "/tasks" for ::1 at 2019-05-09 21:46:25 -0400
Processing by TasksController#index as */*
  [1m[36mTask Load (0.3ms)[0m  [1m[34mSELECT "tasks".* FROM "tasks"[0m
  ↳ app/controllers/tasks_controller.rb:7
Completed 200 OK in 2ms (Views: 1.9ms | ActiveRecord: 0.3ms)


Started GET "/tasks" for ::1 at 2019-05-09 21:47:35 -0400
Processing by TasksController#index as */*
  [1m[36mTask Load (0.3ms)[0m  [1m[34mSELECT "tasks".* FROM "tasks"[0m
  ↳ app/controllers/tasks_controller.rb:7
Completed 200 OK in 2ms (Views: 1.9ms | ActiveRecord: 0.3ms)


Started GET "/tasks" for ::1 at 2019-05-09 21:47:42 -0400
Processing by TasksController#index as */*
  [1m[36mTask Load (0.4ms)[0m  [1m[34mSELECT "tasks".* FROM "tasks"[0m
  ↳ app/controllers/tasks_controller.rb:7
Completed 200 OK in 4ms (Views: 3.1ms | ActiveRecord: 0.4ms)


Started GET "/tasks" for ::1 at 2019-05-09 21:49:10 -0400
Processing by TasksController#index as */*
  [1m[36mTask Load (0.5ms)[0m  [1m[34mSELECT "tasks".* FROM "tasks"[0m
  ↳ app/controllers/tasks_controller.rb:7
Completed 200 OK in 3ms (Views: 2.4ms | ActiveRecord: 0.5ms)


Started GET "/tasks" for ::1 at 2019-05-09 21:49:21 -0400
Processing by TasksController#index as */*
  [1m[36mTask Load (0.4ms)[0m  [1m[34mSELECT "tasks".* FROM "tasks"[0m
  ↳ app/controllers/tasks_controller.rb:7
Completed 200 OK in 3ms (Views: 2.8ms | ActiveRecord: 0.4ms)


Started GET "/tasks" for ::1 at 2019-05-09 21:51:22 -0400
Processing by TasksController#index as */*
  [1m[36mTask Load (0.4ms)[0m  [1m[34mSELECT "tasks".* FROM "tasks"[0m
  ↳ app/controllers/tasks_controller.rb:7
Completed 200 OK in 3ms (Views: 2.7ms | ActiveRecord: 0.4ms)


Started GET "/tasks" for ::1 at 2019-05-09 21:51:42 -0400
Processing by TasksController#index as */*
  [1m[36mTask Load (0.5ms)[0m  [1m[34mSELECT "tasks".* FROM "tasks"[0m
  ↳ app/controllers/tasks_controller.rb:7
Completed 200 OK in 4ms (Views: 2.8ms | ActiveRecord: 0.5ms)


Started GET "/tasks" for ::1 at 2019-05-09 21:53:19 -0400
Processing by TasksController#index as */*
  [1m[36mTask Load (0.5ms)[0m  [1m[34mSELECT "tasks".* FROM "tasks"[0m
  ↳ app/controllers/tasks_controller.rb:7
Completed 200 OK in 3ms (Views: 1.9ms | ActiveRecord: 0.5ms)


Started GET "/tasks" for ::1 at 2019-05-09 21:53:29 -0400
Processing by TasksController#index as */*
  [1m[36mTask Load (0.4ms)[0m  [1m[34mSELECT "tasks".* FROM "tasks"[0m
  ↳ app/controllers/tasks_controller.rb:7
Completed 200 OK in 3ms (Views: 2.7ms | ActiveRecord: 0.4ms)


Started GET "/tasks" for ::1 at 2019-05-09 21:53:47 -0400
Processing by TasksController#index as */*
  [1m[36mTask Load (0.6ms)[0m  [1m[34mSELECT "tasks".* FROM "tasks"[0m
  ↳ app/controllers/tasks_controller.rb:7
Completed 200 OK in 3ms (Views: 2.0ms | ActiveRecord: 0.6ms)


Started DELETE "/tasks/7" for ::1 at 2019-05-09 21:53:50 -0400
Processing by TasksController#destroy as */*
  Parameters: {"id"=>"7"}
  [1m[36mTask Load (0.4ms)[0m  [1m[34mSELECT  "tasks".* FROM "tasks" WHERE "tasks"."id" = $1 LIMIT $2[0m  [["id", 7], ["LIMIT", 1]]
  ↳ app/controllers/tasks_controller.rb:39
  [1m[35m (0.3ms)[0m  [1m[35mBEGIN[0m
  ↳ app/controllers/tasks_controller.rb:33
  [1m[36mTask Destroy (0.4ms)[0m  [1m[31mDELETE FROM "tasks" WHERE "tasks"."id" = $1[0m  [["id", 7]]
  ↳ app/controllers/tasks_controller.rb:33
  [1m[35m (23.8ms)[0m  [1m[35mCOMMIT[0m
  ↳ app/controllers/tasks_controller.rb:33
Completed 204 No Content in 33ms (ActiveRecord: 24.8ms)


Started DELETE "/tasks/8" for ::1 at 2019-05-09 21:53:50 -0400
Processing by TasksController#destroy as */*
  Parameters: {"id"=>"8"}
  [1m[36mTask Load (0.4ms)[0m  [1m[34mSELECT  "tasks".* FROM "tasks" WHERE "tasks"."id" = $1 LIMIT $2[0m  [["id", 8], ["LIMIT", 1]]
  ↳ app/controllers/tasks_controller.rb:39
  [1m[35m (0.2ms)[0m  [1m[35mBEGIN[0m
  ↳ app/controllers/tasks_controller.rb:33
  [1m[36mTask Destroy (0.4ms)[0m  [1m[31mDELETE FROM "tasks" WHERE "tasks"."id" = $1[0m  [["id", 8]]
  ↳ app/controllers/tasks_controller.rb:33
  [1m[35m (3.8ms)[0m  [1m[35mCOMMIT[0m
  ↳ app/controllers/tasks_controller.rb:33
Completed 204 No Content in 7ms (ActiveRecord: 4.8ms)


Started GET "/tasks" for ::1 at 2019-05-09 21:54:13 -0400
Processing by TasksController#index as */*
  [1m[36mTask Load (0.4ms)[0m  [1m[34mSELECT "tasks".* FROM "tasks"[0m
  ↳ app/controllers/tasks_controller.rb:7
Completed 200 OK in 3ms (Views: 2.4ms | ActiveRecord: 0.4ms)


Started PUT "/tasks/5" for ::1 at 2019-05-09 21:54:16 -0400
Processing by TasksController#update as JSON
  Parameters: {"task"=>{"done"=>true}, "id"=>"5"}
  [1m[36mTask Load (0.4ms)[0m  [1m[34mSELECT  "tasks".* FROM "tasks" WHERE "tasks"."id" = $1 LIMIT $2[0m  [["id", 5], ["LIMIT", 1]]
  ↳ app/controllers/tasks_controller.rb:39
  [1m[35m (0.2ms)[0m  [1m[35mBEGIN[0m
  ↳ app/controllers/tasks_controller.rb:25
  [1m[36mTask Update (0.6ms)[0m  [1m[33mUPDATE "tasks" SET "done" = $1, "updated_at" = $2 WHERE "tasks"."id" = $3[0m  [["done", true], ["updated_at", "2019-05-10 01:54:16.945965"], ["id", 5]]
  ↳ app/controllers/tasks_controller.rb:25
  [1m[35m (38.0ms)[0m  [1m[35mCOMMIT[0m
  ↳ app/controllers/tasks_controller.rb:25
Completed 200 OK in 43ms (Views: 0.5ms | ActiveRecord: 39.2ms)


Started GET "/tasks" for ::1 at 2019-05-09 21:54:16 -0400
Processing by TasksController#index as */*
  [1m[36mTask Load (0.4ms)[0m  [1m[34mSELECT "tasks".* FROM "tasks"[0m
  ↳ app/controllers/tasks_controller.rb:7
Completed 200 OK in 2ms (Views: 1.3ms | ActiveRecord: 0.4ms)


Started DELETE "/tasks/5" for ::1 at 2019-05-09 21:54:18 -0400
Processing by TasksController#destroy as */*
  Parameters: {"id"=>"5"}
  [1m[36mTask Load (0.5ms)[0m  [1m[34mSELECT  "tasks".* FROM "tasks" WHERE "tasks"."id" = $1 LIMIT $2[0m  [["id", 5], ["LIMIT", 1]]
  ↳ app/controllers/tasks_controller.rb:39
  [1m[35m (0.3ms)[0m  [1m[35mBEGIN[0m
  ↳ app/controllers/tasks_controller.rb:33
  [1m[36mTask Destroy (0.5ms)[0m  [1m[31mDELETE FROM "tasks" WHERE "tasks"."id" = $1[0m  [["id", 5]]
  ↳ app/controllers/tasks_controller.rb:33
  [1m[35m (10.7ms)[0m  [1m[35mCOMMIT[0m
  ↳ app/controllers/tasks_controller.rb:33
Completed 204 No Content in 14ms (ActiveRecord: 12.0ms)


Started GET "/tasks" for ::1 at 2019-05-09 21:54:18 -0400
Processing by TasksController#index as */*
  [1m[36mTask Load (0.4ms)[0m  [1m[34mSELECT "tasks".* FROM "tasks"[0m
  ↳ app/controllers/tasks_controller.rb:7
Completed 200 OK in 2ms (Views: 1.6ms | ActiveRecord: 0.4ms)


Started PUT "/tasks/1" for ::1 at 2019-05-09 21:54:25 -0400
Processing by TasksController#update as JSON
  Parameters: {"task"=>{"done"=>true}, "id"=>"1"}
  [1m[36mTask Load (0.4ms)[0m  [1m[34mSELECT  "tasks".* FROM "tasks" WHERE "tasks"."id" = $1 LIMIT $2[0m  [["id", 1], ["LIMIT", 1]]
  ↳ app/controllers/tasks_controller.rb:39
  [1m[35m (0.2ms)[0m  [1m[35mBEGIN[0m
  ↳ app/controllers/tasks_controller.rb:25
  [1m[36mTask Update (0.5ms)[0m  [1m[33mUPDATE "tasks" SET "done" = $1, "updated_at" = $2 WHERE "tasks"."id" = $3[0m  [["done", true], ["updated_at", "2019-05-10 01:54:25.194925"], ["id", 1]]
  ↳ app/controllers/tasks_controller.rb:25
  [1m[35m (5.7ms)[0m  [1m[35mCOMMIT[0m
  ↳ app/controllers/tasks_controller.rb:25
Completed 200 OK in 10ms (Views: 0.4ms | ActiveRecord: 6.8ms)


Started GET "/tasks" for ::1 at 2019-05-09 21:54:25 -0400
Processing by TasksController#index as */*
  [1m[36mTask Load (0.4ms)[0m  [1m[34mSELECT "tasks".* FROM "tasks"[0m
  ↳ app/controllers/tasks_controller.rb:7
Completed 200 OK in 2ms (Views: 1.2ms | ActiveRecord: 0.4ms)


Started PUT "/tasks/2" for ::1 at 2019-05-09 21:54:26 -0400
Processing by TasksController#update as JSON
  Parameters: {"task"=>{"done"=>true}, "id"=>"2"}
  [1m[36mTask Load (0.3ms)[0m  [1m[34mSELECT  "tasks".* FROM "tasks" WHERE "tasks"."id" = $1 LIMIT $2[0m  [["id", 2], ["LIMIT", 1]]
  ↳ app/controllers/tasks_controller.rb:39
  [1m[35m (0.2ms)[0m  [1m[35mBEGIN[0m
  ↳ app/controllers/tasks_controller.rb:25
  [1m[36mTask Update (0.6ms)[0m  [1m[33mUPDATE "tasks" SET "done" = $1, "updated_at" = $2 WHERE "tasks"."id" = $3[0m  [["done", true], ["updated_at", "2019-05-10 01:54:26.305663"], ["id", 2]]
  ↳ app/controllers/tasks_controller.rb:25
  [1m[35m (2.4ms)[0m  [1m[35mCOMMIT[0m
  ↳ app/controllers/tasks_controller.rb:25
Completed 200 OK in 14ms (Views: 5.8ms | ActiveRecord: 3.5ms)


Started GET "/tasks" for ::1 at 2019-05-09 21:54:26 -0400
Processing by TasksController#index as */*
  [1m[36mTask Load (0.3ms)[0m  [1m[34mSELECT "tasks".* FROM "tasks"[0m
  ↳ app/controllers/tasks_controller.rb:7
Completed 200 OK in 2ms (Views: 1.1ms | ActiveRecord: 0.3ms)


Started PUT "/tasks/3" for ::1 at 2019-05-09 21:54:27 -0400
Processing by TasksController#update as JSON
  Parameters: {"task"=>{"done"=>true}, "id"=>"3"}
  [1m[36mTask Load (0.3ms)[0m  [1m[34mSELECT  "tasks".* FROM "tasks" WHERE "tasks"."id" = $1 LIMIT $2[0m  [["id", 3], ["LIMIT", 1]]
  ↳ app/controllers/tasks_controller.rb:39
  [1m[35m (0.2ms)[0m  [1m[35mBEGIN[0m
  ↳ app/controllers/tasks_controller.rb:25
  [1m[36mTask Update (0.4ms)[0m  [1m[33mUPDATE "tasks" SET "done" = $1, "updated_at" = $2 WHERE "tasks"."id" = $3[0m  [["done", true], ["updated_at", "2019-05-10 01:54:27.328590"], ["id", 3]]
  ↳ app/controllers/tasks_controller.rb:25
  [1m[35m (13.7ms)[0m  [1m[35mCOMMIT[0m
  ↳ app/controllers/tasks_controller.rb:25
Completed 200 OK in 17ms (Views: 0.4ms | ActiveRecord: 14.6ms)


Started GET "/tasks" for ::1 at 2019-05-09 21:54:27 -0400
Processing by TasksController#index as */*
  [1m[36mTask Load (0.3ms)[0m  [1m[34mSELECT "tasks".* FROM "tasks"[0m
  ↳ app/controllers/tasks_controller.rb:7
Completed 200 OK in 2ms (Views: 1.2ms | ActiveRecord: 0.3ms)


Started PUT "/tasks/4" for ::1 at 2019-05-09 21:54:27 -0400
Processing by TasksController#update as JSON
  Parameters: {"task"=>{"done"=>true}, "id"=>"4"}
  [1m[36mTask Load (0.3ms)[0m  [1m[34mSELECT  "tasks".* FROM "tasks" WHERE "tasks"."id" = $1 LIMIT $2[0m  [["id", 4], ["LIMIT", 1]]
  ↳ app/controllers/tasks_controller.rb:39
  [1m[35m (0.3ms)[0m  [1m[35mBEGIN[0m
  ↳ app/controllers/tasks_controller.rb:25
  [1m[36mTask Update (0.4ms)[0m  [1m[33mUPDATE "tasks" SET "done" = $1, "updated_at" = $2 WHERE "tasks"."id" = $3[0m  [["done", true], ["updated_at", "2019-05-10 01:54:27.480641"], ["id", 4]]
  ↳ app/controllers/tasks_controller.rb:25
  [1m[35m (16.7ms)[0m  [1m[35mCOMMIT[0m
  ↳ app/controllers/tasks_controller.rb:25
Completed 200 OK in 21ms (Views: 0.4ms | ActiveRecord: 17.7ms)


Started GET "/tasks" for ::1 at 2019-05-09 21:54:27 -0400
Processing by TasksController#index as */*
  [1m[36mTask Load (0.3ms)[0m  [1m[34mSELECT "tasks".* FROM "tasks"[0m
  ↳ app/controllers/tasks_controller.rb:7
Completed 200 OK in 2ms (Views: 1.4ms | ActiveRecord: 0.3ms)


Started DELETE "/tasks/1" for ::1 at 2019-05-09 21:54:29 -0400
Processing by TasksController#destroy as */*
  Parameters: {"id"=>"1"}
  [1m[36mTask Load (0.4ms)[0m  [1m[34mSELECT  "tasks".* FROM "tasks" WHERE "tasks"."id" = $1 LIMIT $2[0m  [["id", 1], ["LIMIT", 1]]
  ↳ app/controllers/tasks_controller.rb:39
  [1m[35m (0.2ms)[0m  [1m[35mBEGIN[0m
  ↳ app/controllers/tasks_controller.rb:33
  [1m[36mTask Destroy (0.4ms)[0m  [1m[31mDELETE FROM "tasks" WHERE "tasks"."id" = $1[0m  [["id", 1]]
  ↳ app/controllers/tasks_controller.rb:33
  [1m[35m (3.1ms)[0m  [1m[35mCOMMIT[0m
  ↳ app/controllers/tasks_controller.rb:33
Completed 204 No Content in 6ms (ActiveRecord: 4.1ms)


Started DELETE "/tasks/2" for ::1 at 2019-05-09 21:54:29 -0400
Processing by TasksController#destroy as */*
  Parameters: {"id"=>"2"}
  [1m[36mTask Load (0.3ms)[0m  [1m[34mSELECT  "tasks".* FROM "tasks" WHERE "tasks"."id" = $1 LIMIT $2[0m  [["id", 2], ["LIMIT", 1]]
  ↳ app/controllers/tasks_controller.rb:39
  [1m[35m (0.1ms)[0m  [1m[35mBEGIN[0m
  ↳ app/controllers/tasks_controller.rb:33
  [1m[36mTask Destroy (0.3ms)[0m  [1m[31mDELETE FROM "tasks" WHERE "tasks"."id" = $1[0m  [["id", 2]]
  ↳ app/controllers/tasks_controller.rb:33
  [1m[35m (7.8ms)[0m  [1m[35mCOMMIT[0m
  ↳ app/controllers/tasks_controller.rb:33
Completed 204 No Content in 10ms (ActiveRecord: 8.5ms)


Started DELETE "/tasks/3" for ::1 at 2019-05-09 21:54:29 -0400
Processing by TasksController#destroy as */*
  Parameters: {"id"=>"3"}
  [1m[36mTask Load (0.3ms)[0m  [1m[34mSELECT  "tasks".* FROM "tasks" WHERE "tasks"."id" = $1 LIMIT $2[0m  [["id", 3], ["LIMIT", 1]]
  ↳ app/controllers/tasks_controller.rb:39
  [1m[35m (0.2ms)[0m  [1m[35mBEGIN[0m
  ↳ app/controllers/tasks_controller.rb:33
  [1m[36mTask Destroy (0.3ms)[0m  [1m[31mDELETE FROM "tasks" WHERE "tasks"."id" = $1[0m  [["id", 3]]
  ↳ app/controllers/tasks_controller.rb:33
  [1m[35m (6.7ms)[0m  [1m[35mCOMMIT[0m
  ↳ app/controllers/tasks_controller.rb:33
Completed 204 No Content in 9ms (ActiveRecord: 7.4ms)


Started DELETE "/tasks/4" for ::1 at 2019-05-09 21:54:29 -0400
Processing by TasksController#destroy as */*
  Parameters: {"id"=>"4"}
  [1m[36mTask Load (0.3ms)[0m  [1m[34mSELECT  "tasks".* FROM "tasks" WHERE "tasks"."id" = $1 LIMIT $2[0m  [["id", 4], ["LIMIT", 1]]
  ↳ app/controllers/tasks_controller.rb:39
  [1m[35m (0.2ms)[0m  [1m[35mBEGIN[0m
  ↳ app/controllers/tasks_controller.rb:33
  [1m[36mTask Destroy (0.4ms)[0m  [1m[31mDELETE FROM "tasks" WHERE "tasks"."id" = $1[0m  [["id", 4]]
  ↳ app/controllers/tasks_controller.rb:33
  [1m[35m (7.6ms)[0m  [1m[35mCOMMIT[0m
  ↳ app/controllers/tasks_controller.rb:33
Completed 204 No Content in 10ms (ActiveRecord: 8.5ms)


Started GET "/tasks" for ::1 at 2019-05-09 21:54:29 -0400
Processing by TasksController#index as */*
  [1m[36mTask Load (0.4ms)[0m  [1m[34mSELECT "tasks".* FROM "tasks"[0m
  ↳ app/controllers/tasks_controller.rb:7
Completed 200 OK in 1ms (Views: 0.7ms | ActiveRecord: 0.4ms)


Started POST "/tasks" for ::1 at 2019-05-09 21:55:17 -0400
Processing by TasksController#create as JSON
  Parameters: {"task"=>{"title"=>"56165161651651651", "done"=>false}}
  [1m[35m (0.3ms)[0m  [1m[35mBEGIN[0m
  ↳ app/controllers/tasks_controller.rb:17
  [1m[36mTask Create (0.5ms)[0m  [1m[32mINSERT INTO "tasks" ("title", "done", "created_at", "updated_at") VALUES ($1, $2, $3, $4) RETURNING "id"[0m  [["title", "56165161651651651"], ["done", false], ["created_at", "2019-05-10 01:55:17.846061"], ["updated_at", "2019-05-10 01:55:17.846061"]]
  ↳ app/controllers/tasks_controller.rb:17
  [1m[35m (10.3ms)[0m  [1m[35mCOMMIT[0m
  ↳ app/controllers/tasks_controller.rb:17
Completed 201 Created in 15ms (Views: 0.5ms | ActiveRecord: 11.1ms)


Started GET "/tasks" for ::1 at 2019-05-09 21:55:18 -0400
Processing by TasksController#index as */*
  [1m[36mTask Load (0.5ms)[0m  [1m[34mSELECT "tasks".* FROM "tasks"[0m
  ↳ app/controllers/tasks_controller.rb:7
Completed 200 OK in 2ms (Views: 1.6ms | ActiveRecord: 0.5ms)


Started PUT "/tasks/12" for ::1 at 2019-05-09 21:55:21 -0400
Processing by TasksController#update as JSON
  Parameters: {"task"=>{"done"=>true}, "id"=>"12"}
  [1m[36mTask Load (0.2ms)[0m  [1m[34mSELECT  "tasks".* FROM "tasks" WHERE "tasks"."id" = $1 LIMIT $2[0m  [["id", 12], ["LIMIT", 1]]
  ↳ app/controllers/tasks_controller.rb:39
  [1m[35m (0.1ms)[0m  [1m[35mBEGIN[0m
  ↳ app/controllers/tasks_controller.rb:25
  [1m[36mTask Update (0.5ms)[0m  [1m[33mUPDATE "tasks" SET "done" = $1, "updated_at" = $2 WHERE "tasks"."id" = $3[0m  [["done", true], ["updated_at", "2019-05-10 01:55:21.762955"], ["id", 12]]
  ↳ app/controllers/tasks_controller.rb:25
  [1m[35m (10.1ms)[0m  [1m[35mCOMMIT[0m
  ↳ app/controllers/tasks_controller.rb:25
Completed 200 OK in 14ms (Views: 0.5ms | ActiveRecord: 10.9ms)


Started GET "/tasks" for ::1 at 2019-05-09 21:55:21 -0400
Processing by TasksController#index as */*
  [1m[36mTask Load (0.4ms)[0m  [1m[34mSELECT "tasks".* FROM "tasks"[0m
  ↳ app/controllers/tasks_controller.rb:7
Completed 200 OK in 1ms (Views: 0.8ms | ActiveRecord: 0.4ms)


Started DELETE "/tasks/12" for ::1 at 2019-05-09 21:55:26 -0400
Processing by TasksController#destroy as */*
  Parameters: {"id"=>"12"}
  [1m[36mTask Load (0.6ms)[0m  [1m[34mSELECT  "tasks".* FROM "tasks" WHERE "tasks"."id" = $1 LIMIT $2[0m  [["id", 12], ["LIMIT", 1]]
  ↳ app/controllers/tasks_controller.rb:39
  [1m[35m (0.2ms)[0m  [1m[35mBEGIN[0m
  ↳ app/controllers/tasks_controller.rb:33
  [1m[36mTask Destroy (0.5ms)[0m  [1m[31mDELETE FROM "tasks" WHERE "tasks"."id" = $1[0m  [["id", 12]]
  ↳ app/controllers/tasks_controller.rb:33
  [1m[35m (11.4ms)[0m  [1m[35mCOMMIT[0m
  ↳ app/controllers/tasks_controller.rb:33
Completed 204 No Content in 15ms (ActiveRecord: 12.8ms)


Started GET "/tasks" for ::1 at 2019-05-09 21:55:26 -0400
Processing by TasksController#index as */*
  [1m[36mTask Load (0.3ms)[0m  [1m[34mSELECT "tasks".* FROM "tasks"[0m
  ↳ app/controllers/tasks_controller.rb:7
Completed 200 OK in 1ms (Views: 0.6ms | ActiveRecord: 0.3ms)


Started GET "/tasks" for ::1 at 2019-05-09 22:01:23 -0400
Processing by TasksController#index as */*
  [1m[36mTask Load (0.7ms)[0m  [1m[34mSELECT "tasks".* FROM "tasks"[0m
  ↳ app/controllers/tasks_controller.rb:7
Completed 200 OK in 2ms (Views: 0.9ms | ActiveRecord: 0.7ms)


Started GET "/tasks" for ::1 at 2019-05-09 22:13:08 -0400
  [1m[35m (0.6ms)[0m  [1m[34mSELECT "schema_migrations"."version" FROM "schema_migrations" ORDER BY "schema_migrations"."version" ASC[0m
  ↳ /home/codeman/.rbenv/versions/2.6.1/lib/ruby/gems/2.6.0/gems/activerecord-5.2.3/lib/active_record/log_subscriber.rb:98
Processing by TasksController#index as */*
  [1m[36mTask Load (0.5ms)[0m  [1m[34mSELECT "tasks".* FROM "tasks"[0m
  ↳ app/controllers/tasks_controller.rb:7
Completed 200 OK in 5ms (Views: 1.1ms | ActiveRecord: 2.0ms)


Started GET "/" for ::1 at 2019-05-09 22:15:11 -0400
  [1m[35m (0.6ms)[0m  [1m[34mSELECT "schema_migrations"."version" FROM "schema_migrations" ORDER BY "schema_migrations"."version" ASC[0m
  ↳ /home/codeman/.rbenv/versions/2.6.1/lib/ruby/gems/2.6.0/gems/activerecord-5.2.3/lib/active_record/log_subscriber.rb:98
Processing by Rails::WelcomeController#index as HTML
  Rendering /home/codeman/.rbenv/versions/2.6.1/lib/ruby/gems/2.6.0/gems/railties-5.2.3/lib/rails/templates/rails/welcome/index.html.erb
  Rendered /home/codeman/.rbenv/versions/2.6.1/lib/ruby/gems/2.6.0/gems/railties-5.2.3/lib/rails/templates/rails/welcome/index.html.erb (12.0ms)
Completed 200 OK in 34ms (Views: 32.0ms | ActiveRecord: 0.0ms)


Started GET "/" for ::1 at 2019-05-09 22:15:24 -0400
Processing by Rails::WelcomeController#index as HTML
  Rendering /home/codeman/.rbenv/versions/2.6.1/lib/ruby/gems/2.6.0/gems/railties-5.2.3/lib/rails/templates/rails/welcome/index.html.erb
  Rendered /home/codeman/.rbenv/versions/2.6.1/lib/ruby/gems/2.6.0/gems/railties-5.2.3/lib/rails/templates/rails/welcome/index.html.erb (2.4ms)
Completed 200 OK in 4ms (Views: 3.2ms | ActiveRecord: 0.0ms)


Started GET "/favicon.ico" for ::1 at 2019-05-09 22:15:25 -0400
  
ActionController::RoutingError (No route matches [GET] "/favicon.ico"):
  
actionpack (5.2.3) lib/action_dispatch/middleware/debug_exceptions.rb:65:in `call'
actionpack (5.2.3) lib/action_dispatch/middleware/show_exceptions.rb:33:in `call'
railties (5.2.3) lib/rails/rack/logger.rb:38:in `call_app'
railties (5.2.3) lib/rails/rack/logger.rb:26:in `block in call'
activesupport (5.2.3) lib/active_support/tagged_logging.rb:71:in `block in tagged'
activesupport (5.2.3) lib/active_support/tagged_logging.rb:28:in `tagged'
activesupport (5.2.3) lib/active_support/tagged_logging.rb:71:in `tagged'
railties (5.2.3) lib/rails/rack/logger.rb:26:in `call'
actionpack (5.2.3) lib/action_dispatch/middleware/remote_ip.rb:81:in `call'
actionpack (5.2.3) lib/action_dispatch/middleware/request_id.rb:27:in `call'
rack (2.0.7) lib/rack/runtime.rb:22:in `call'
activesupport (5.2.3) lib/active_support/cache/strategy/local_cache_middleware.rb:29:in `call'
actionpack (5.2.3) lib/action_dispatch/middleware/executor.rb:14:in `call'
actionpack (5.2.3) lib/action_dispatch/middleware/static.rb:127:in `call'
rack (2.0.7) lib/rack/sendfile.rb:111:in `call'
rack-cors (1.0.3) lib/rack/cors.rb:95:in `call'
railties (5.2.3) lib/rails/engine.rb:524:in `call'
puma (3.12.1) lib/puma/configuration.rb:227:in `call'
puma (3.12.1) lib/puma/server.rb:660:in `handle_request'
puma (3.12.1) lib/puma/server.rb:474:in `process_client'
puma (3.12.1) lib/puma/server.rb:334:in `block in run'
puma (3.12.1) lib/puma/thread_pool.rb:135:in `block in spawn_thread'
Started GET "/" for ::1 at 2019-05-09 22:15:25 -0400
Processing by Rails::WelcomeController#index as HTML
  Rendering /home/codeman/.rbenv/versions/2.6.1/lib/ruby/gems/2.6.0/gems/railties-5.2.3/lib/rails/templates/rails/welcome/index.html.erb
  Rendered /home/codeman/.rbenv/versions/2.6.1/lib/ruby/gems/2.6.0/gems/railties-5.2.3/lib/rails/templates/rails/welcome/index.html.erb (3.5ms)
Completed 200 OK in 5ms (Views: 4.5ms | ActiveRecord: 0.0ms)


Started GET "/" for ::1 at 2019-05-09 22:15:26 -0400
Processing by Rails::WelcomeController#index as HTML
  Rendering /home/codeman/.rbenv/versions/2.6.1/lib/ruby/gems/2.6.0/gems/railties-5.2.3/lib/rails/templates/rails/welcome/index.html.erb
  Rendered /home/codeman/.rbenv/versions/2.6.1/lib/ruby/gems/2.6.0/gems/railties-5.2.3/lib/rails/templates/rails/welcome/index.html.erb (3.0ms)
Completed 200 OK in 5ms (Views: 4.2ms | ActiveRecord: 0.0ms)


Started GET "/" for ::1 at 2019-05-09 22:15:26 -0400
Processing by Rails::WelcomeController#index as HTML
  Rendering /home/codeman/.rbenv/versions/2.6.1/lib/ruby/gems/2.6.0/gems/railties-5.2.3/lib/rails/templates/rails/welcome/index.html.erb
  Rendered /home/codeman/.rbenv/versions/2.6.1/lib/ruby/gems/2.6.0/gems/railties-5.2.3/lib/rails/templates/rails/welcome/index.html.erb (2.9ms)
Completed 200 OK in 5ms (Views: 3.8ms | ActiveRecord: 0.0ms)


Started GET "/" for ::1 at 2019-05-09 22:15:26 -0400
Processing by Rails::WelcomeController#index as HTML
  Rendering /home/codeman/.rbenv/versions/2.6.1/lib/ruby/gems/2.6.0/gems/railties-5.2.3/lib/rails/templates/rails/welcome/index.html.erb
  Rendered /home/codeman/.rbenv/versions/2.6.1/lib/ruby/gems/2.6.0/gems/railties-5.2.3/lib/rails/templates/rails/welcome/index.html.erb (2.7ms)
Completed 200 OK in 4ms (Views: 3.5ms | ActiveRecord: 0.0ms)


Started GET "/" for ::1 at 2019-05-09 22:15:26 -0400
Processing by Rails::WelcomeController#index as HTML
  Rendering /home/codeman/.rbenv/versions/2.6.1/lib/ruby/gems/2.6.0/gems/railties-5.2.3/lib/rails/templates/rails/welcome/index.html.erb
  Rendered /home/codeman/.rbenv/versions/2.6.1/lib/ruby/gems/2.6.0/gems/railties-5.2.3/lib/rails/templates/rails/welcome/index.html.erb (3.2ms)
Completed 200 OK in 5ms (Views: 4.1ms | ActiveRecord: 0.0ms)


Started GET "/" for ::1 at 2019-05-09 22:15:26 -0400
Processing by Rails::WelcomeController#index as HTML
  Rendering /home/codeman/.rbenv/versions/2.6.1/lib/ruby/gems/2.6.0/gems/railties-5.2.3/lib/rails/templates/rails/welcome/index.html.erb
  Rendered /home/codeman/.rbenv/versions/2.6.1/lib/ruby/gems/2.6.0/gems/railties-5.2.3/lib/rails/templates/rails/welcome/index.html.erb (8.8ms)
Completed 200 OK in 10ms (Views: 9.7ms | ActiveRecord: 0.0ms)


Started GET "/" for ::1 at 2019-05-09 22:15:26 -0400
Processing by Rails::WelcomeController#index as HTML
  Rendering /home/codeman/.rbenv/versions/2.6.1/lib/ruby/gems/2.6.0/gems/railties-5.2.3/lib/rails/templates/rails/welcome/index.html.erb
  Rendered /home/codeman/.rbenv/versions/2.6.1/lib/ruby/gems/2.6.0/gems/railties-5.2.3/lib/rails/templates/rails/welcome/index.html.erb (12.4ms)
Completed 200 OK in 14ms (Views: 13.2ms | ActiveRecord: 0.0ms)


Started GET "/" for ::1 at 2019-05-09 22:15:27 -0400
Processing by Rails::WelcomeController#index as HTML
  Rendering /home/codeman/.rbenv/versions/2.6.1/lib/ruby/gems/2.6.0/gems/railties-5.2.3/lib/rails/templates/rails/welcome/index.html.erb
  Rendered /home/codeman/.rbenv/versions/2.6.1/lib/ruby/gems/2.6.0/gems/railties-5.2.3/lib/rails/templates/rails/welcome/index.html.erb (2.3ms)
Completed 200 OK in 4ms (Views: 3.0ms | ActiveRecord: 0.0ms)


Started GET "/" for ::1 at 2019-05-09 22:15:27 -0400
Processing by Rails::WelcomeController#index as HTML
  Rendering /home/codeman/.rbenv/versions/2.6.1/lib/ruby/gems/2.6.0/gems/railties-5.2.3/lib/rails/templates/rails/welcome/index.html.erb
  Rendered /home/codeman/.rbenv/versions/2.6.1/lib/ruby/gems/2.6.0/gems/railties-5.2.3/lib/rails/templates/rails/welcome/index.html.erb (2.6ms)
Completed 200 OK in 4ms (Views: 3.4ms | ActiveRecord: 0.0ms)


Started GET "/" for ::1 at 2019-05-09 22:15:27 -0400
Processing by Rails::WelcomeController#index as HTML
  Rendering /home/codeman/.rbenv/versions/2.6.1/lib/ruby/gems/2.6.0/gems/railties-5.2.3/lib/rails/templates/rails/welcome/index.html.erb
  Rendered /home/codeman/.rbenv/versions/2.6.1/lib/ruby/gems/2.6.0/gems/railties-5.2.3/lib/rails/templates/rails/welcome/index.html.erb (3.2ms)
Completed 200 OK in 5ms (Views: 4.1ms | ActiveRecord: 0.0ms)


Started GET "/tasks" for ::1 at 2019-05-09 22:19:20 -0400
  [1m[35m (1.2ms)[0m  [1m[34mSELECT "schema_migrations"."version" FROM "schema_migrations" ORDER BY "schema_migrations"."version" ASC[0m
  ↳ /home/codeman/.rbenv/versions/2.6.1/lib/ruby/gems/2.6.0/gems/activerecord-5.2.3/lib/active_record/log_subscriber.rb:98
Processing by TasksController#index as */*
  [1m[36mTask Load (0.7ms)[0m  [1m[34mSELECT "tasks".* FROM "tasks"[0m
  ↳ app/controllers/tasks_controller.rb:7
Completed 200 OK in 5ms (Views: 1.4ms | ActiveRecord: 2.4ms)


Started POST "/tasks" for ::1 at 2019-05-09 22:19:23 -0400
Processing by TasksController#create as JSON
  Parameters: {"task"=>{"title"=>"teste", "done"=>false}}
  [1m[35m (0.4ms)[0m  [1m[35mBEGIN[0m
  ↳ app/controllers/tasks_controller.rb:17
  [1m[36mTask Create (0.7ms)[0m  [1m[32mINSERT INTO "tasks" ("title", "done", "created_at", "updated_at") VALUES ($1, $2, $3, $4) RETURNING "id"[0m  [["title", "teste"], ["done", false], ["created_at", "2019-05-10 02:19:23.659333"], ["updated_at", "2019-05-10 02:19:23.659333"]]
  ↳ app/controllers/tasks_controller.rb:17
  [1m[35m (22.6ms)[0m  [1m[35mCOMMIT[0m
  ↳ app/controllers/tasks_controller.rb:17
Completed 201 Created in 39ms (Views: 1.0ms | ActiveRecord: 27.7ms)


Started GET "/tasks" for ::1 at 2019-05-09 22:19:23 -0400
Processing by TasksController#index as */*
  [1m[36mTask Load (0.5ms)[0m  [1m[34mSELECT "tasks".* FROM "tasks"[0m
  ↳ app/controllers/tasks_controller.rb:7
Completed 200 OK in 10ms (Views: 8.7ms | ActiveRecord: 0.5ms)


Started PUT "/tasks/13" for ::1 at 2019-05-09 22:19:27 -0400
Processing by TasksController#update as JSON
  Parameters: {"task"=>{"done"=>true}, "id"=>"13"}
  [1m[36mTask Load (0.4ms)[0m  [1m[34mSELECT  "tasks".* FROM "tasks" WHERE "tasks"."id" = $1 LIMIT $2[0m  [["id", 13], ["LIMIT", 1]]
  ↳ app/controllers/tasks_controller.rb:39
  [1m[35m (0.2ms)[0m  [1m[35mBEGIN[0m
  ↳ app/controllers/tasks_controller.rb:25
  [1m[36mTask Update (0.5ms)[0m  [1m[33mUPDATE "tasks" SET "done" = $1, "updated_at" = $2 WHERE "tasks"."id" = $3[0m  [["done", true], ["updated_at", "2019-05-10 02:19:27.434795"], ["id", 13]]
  ↳ app/controllers/tasks_controller.rb:25
  [1m[35m (13.6ms)[0m  [1m[35mCOMMIT[0m
  ↳ app/controllers/tasks_controller.rb:25
Completed 200 OK in 32ms (Views: 0.3ms | ActiveRecord: 15.2ms)


Started GET "/tasks" for ::1 at 2019-05-09 22:19:27 -0400
Processing by TasksController#index as */*
  [1m[36mTask Load (0.3ms)[0m  [1m[34mSELECT "tasks".* FROM "tasks"[0m
  ↳ app/controllers/tasks_controller.rb:7
Completed 200 OK in 1ms (Views: 0.8ms | ActiveRecord: 0.3ms)


Started DELETE "/tasks/13" for ::1 at 2019-05-09 22:19:29 -0400
Processing by TasksController#destroy as */*
  Parameters: {"id"=>"13"}
  [1m[36mTask Load (0.4ms)[0m  [1m[34mSELECT  "tasks".* FROM "tasks" WHERE "tasks"."id" = $1 LIMIT $2[0m  [["id", 13], ["LIMIT", 1]]
  ↳ app/controllers/tasks_controller.rb:39
  [1m[35m (0.2ms)[0m  [1m[35mBEGIN[0m
  ↳ app/controllers/tasks_controller.rb:33
  [1m[36mTask Destroy (0.6ms)[0m  [1m[31mDELETE FROM "tasks" WHERE "tasks"."id" = $1[0m  [["id", 13]]
  ↳ app/controllers/tasks_controller.rb:33
  [1m[35m (25.2ms)[0m  [1m[35mCOMMIT[0m
  ↳ app/controllers/tasks_controller.rb:33
Completed 204 No Content in 43ms (ActiveRecord: 26.4ms)


Started GET "/tasks" for ::1 at 2019-05-09 22:19:29 -0400
Processing by TasksController#index as */*
  [1m[36mTask Load (0.4ms)[0m  [1m[34mSELECT "tasks".* FROM "tasks"[0m
  ↳ app/controllers/tasks_controller.rb:7
Completed 200 OK in 1ms (Views: 0.6ms | ActiveRecord: 0.4ms)


